[0609/184856.888:ERROR:process_reader_win.cc(151)] SuspendThread: アクセスが拒否されました。 (0x5)
[0609/184856.902:ERROR:process_reader_win.cc(151)] SuspendThread: アクセスが拒否されました。 (0x5)
[0609/184856.902:ERROR:process_reader_win.cc(151)] SuspendThread: アクセスが拒否されました。 (0x5)
[0609/184856.902:ERROR:process_reader_win.cc(151)] SuspendThread: アクセスが拒否されました。 (0x5)
[0609/184856.902:ERROR:process_reader_win.cc(151)] SuspendThread: アクセスが拒否されました。 (0x5)
[0609/184856.902:ERROR:process_reader_win.cc(151)] SuspendThread: アクセスが拒否されました。 (0x5)
[0609/184856.902:ERROR:process_reader_win.cc(123)] NtOpenThread: {アクセス拒否} プロセスはオブジェクトのアクセスを要求しましたが、アクセス権が与えられていません。 (0xc0000022)
[0609/184856.902:ERROR:exception_snapshot_win.cc(98)] thread ID 7088 not found in process
[0609/184856.905:ERROR:process_reader_win.cc(151)] SuspendThread: アクセスが拒否されました。 (0x5)
[0609/184856.905:ERROR:process_reader_win.cc(151)] SuspendThread: アクセスが拒否されました。 (0x5)
[0609/184856.905:ERROR:process_reader_win.cc(123)] NtOpenThread: {アクセス拒否} プロセスはオブジェクトのアクセスを要求しましたが、アクセス権が与えられていません。 (0xc0000022)
[0609/184856.905:ERROR:exception_snapshot_win.cc(98)] thread ID 3148 not found in process
[0609/184856.984:ERROR:process_reader_win.cc(123)] NtOpenThread: {アクセス拒否} プロセスはオブジェクトのアクセスを要求しましたが、アクセス権が与えられていません。 (0xc0000022)
[0609/184856.984:ERROR:exception_snapshot_win.cc(98)] thread ID 12372 not found in process
[0609/191916.492:ERROR:process_reader_win.cc(151)] SuspendThread: アクセスが拒否されました。 (0x5)
[0609/191916.493:ERROR:process_reader_win.cc(151)] SuspendThread: アクセスが拒否されました。 (0x5)
[0609/191916.493:ERROR:process_reader_win.cc(151)] SuspendThread: アクセスが拒否されました。 (0x5)
[0609/191916.493:ERROR:process_reader_win.cc(151)] SuspendThread: アクセスが拒否されました。 (0x5)
[0609/191916.493:ERROR:process_reader_win.cc(151)] SuspendThread: アクセスが拒否されました。 (0x5)
[0609/191916.493:ERROR:process_reader_win.cc(151)] SuspendThread: アクセスが拒否されました。 (0x5)
[0609/191916.493:ERROR:process_reader_win.cc(151)] SuspendThread: アクセスが拒否されました。 (0x5)
[0609/191916.493:ERROR:process_reader_win.cc(151)] SuspendThread: アクセスが拒否されました。 (0x5)
[0609/191916.493:ERROR:process_reader_win.cc(151)] SuspendThread: アクセスが拒否されました。 (0x5)
[0609/191916.493:ERROR:process_reader_win.cc(151)] SuspendThread: アクセスが拒否されました。 (0x5)
[0609/191916.493:ERROR:process_reader_win.cc(151)] SuspendThread: アクセスが拒否されました。 (0x5)
[0609/191916.493:ERROR:process_reader_win.cc(151)] SuspendThread: アクセスが拒否されました。 (0x5)
[0609/191916.493:ERROR:process_reader_win.cc(151)] SuspendThread: アクセスが拒否されました。 (0x5)
[0609/191916.493:ERROR:process_reader_win.cc(151)] SuspendThread: アクセスが拒否されました。 (0x5)
[0609/191916.493:ERROR:process_reader_win.cc(151)] SuspendThread: アクセスが拒否されました。 (0x5)
[0609/191916.493:ERROR:process_reader_win.cc(151)] SuspendThread: アクセスが拒否されました。 (0x5)
[0609/191916.493:ERROR:process_reader_win.cc(123)] NtOpenThread: {アクセス拒否} プロセスはオブジェクトのアクセスを要求しましたが、アクセス権が与えられていません。 (0xc0000022)
[0609/191916.493:ERROR:exception_snapshot_win.cc(98)] thread ID 11268 not found in process
[0609/191916.531:ERROR:process_reader_win.cc(151)] SuspendThread: アクセスが拒否されました。 (0x5)
[0609/191916.531:ERROR:process_reader_win.cc(151)] SuspendThread: アクセスが拒否されました。 (0x5)
[0609/191916.531:ERROR:process_reader_win.cc(123)] NtOpenThread: {アクセス拒否} プロセスはオブジェクトのアクセスを要求しましたが、アクセス権が与えられていません。 (0xc0000022)
[0609/191916.531:ERROR:exception_snapshot_win.cc(98)] thread ID 10984 not found in process
[0609/192837.743:ERROR:process_reader_win.cc(151)] SuspendThread: アクセスが拒否されました。 (0x5)
[0609/192837.743:ERROR:process_reader_win.cc(151)] SuspendThread: アクセスが拒否されました。 (0x5)
[0609/192837.743:ERROR:process_reader_win.cc(123)] NtOpenThread: {アクセス拒否} プロセスはオブジェクトのアクセスを要求しましたが、アクセス権が与えられていません。 (0xc0000022)
[0609/192837.743:ERROR:exception_snapshot_win.cc(98)] thread ID 7300 not found in process
[0609/192837.754:ERROR:process_reader_win.cc(123)] NtOpenThread: {アクセス拒否} プロセスはオブジェクトのアクセスを要求しましたが、アクセス権が与えられていません。 (0xc0000022)
[0609/192837.754:ERROR:exception_snapshot_win.cc(98)] thread ID 7504 not found in process
[0610/233424.729:ERROR:process_reader_win.cc(151)] SuspendThread: アクセスが拒否されました。 (0x5)
[0610/233424.742:ERROR:process_reader_win.cc(151)] SuspendThread: アクセスが拒否されました。 (0x5)
[0610/233424.742:ERROR:process_reader_win.cc(151)] SuspendThread: アクセスが拒否されました。 (0x5)
[0610/233424.742:ERROR:process_reader_win.cc(123)] NtOpenThread: {アクセス拒否} プロセスはオブジェクトのアクセスを要求しましたが、アクセス権が与えられていません。 (0xc0000022)
[0610/233424.742:ERROR:exception_snapshot_win.cc(98)] thread ID 9448 not found in process
[0610/233424.742:ERROR:process_reader_win.cc(123)] NtOpenThread: {アクセス拒否} プロセスはオブジェクトのアクセスを要求しましたが、アクセス権が与えられていません。 (0xc0000022)
[0610/233424.743:ERROR:exception_snapshot_win.cc(98)] thread ID 1104 not found in process
[0611/213848.414:ERROR:process_reader_win.cc(151)] SuspendThread: アクセスが拒否されました。 (0x5)
[0611/213848.415:ERROR:process_reader_win.cc(151)] SuspendThread: アクセスが拒否されました。 (0x5)
[0611/213848.415:ERROR:process_reader_win.cc(123)] NtOpenThread: {アクセス拒否} プロセスはオブジェクトのアクセスを要求しましたが、アクセス権が与えられていません。 (0xc0000022)
[0611/213848.415:ERROR:exception_snapshot_win.cc(98)] thread ID 1880 not found in process
[0611/213848.421:ERROR:process_reader_win.cc(123)] NtOpenThread: {アクセス拒否} プロセスはオブジェクトのアクセスを要求しましたが、アクセス権が与えられていません。 (0xc0000022)
[0611/213848.421:ERROR:exception_snapshot_win.cc(98)] thread ID 812 not found in process
[0611/214528.818:ERROR:process_reader_win.cc(151)] SuspendThread: アクセスが拒否されました。 (0x5)
[0611/214528.818:ERROR:process_reader_win.cc(151)] SuspendThread: アクセスが拒否されました。 (0x5)
[0611/214528.818:ERROR:process_reader_win.cc(151)] SuspendThread: アクセスが拒否されました。 (0x5)
[0611/214528.818:ERROR:process_reader_win.cc(151)] SuspendThread: アクセスが拒否されました。 (0x5)
[0611/214528.818:ERROR:process_reader_win.cc(123)] NtOpenThread: {アクセス拒否} プロセスはオブジェクトのアクセスを要求しましたが、アクセス権が与えられていません。 (0xc0000022)
[0611/214528.818:ERROR:exception_snapshot_win.cc(98)] thread ID 4512 not found in process
[0611/214528.820:ERROR:process_reader_win.cc(151)] SuspendThread: アクセスが拒否されました。 (0x5)
[0611/214528.820:ERROR:process_reader_win.cc(151)] SuspendThread: アクセスが拒否されました。 (0x5)
[0611/214528.820:ERROR:process_reader_win.cc(123)] NtOpenThread: {アクセス拒否} プロセスはオブジェクトのアクセスを要求しましたが、アクセス権が与えられていません。 (0xc0000022)
[0611/214528.820:ERROR:exception_snapshot_win.cc(98)] thread ID 6664 not found in process
[0611/220155.278:ERROR:process_reader_win.cc(151)] SuspendThread: アクセスが拒否されました。 (0x5)
[0611/220155.278:ERROR:process_reader_win.cc(151)] SuspendThread: アクセスが拒否されました。 (0x5)
[0611/220155.278:ERROR:process_reader_win.cc(123)] NtOpenThread: {アクセス拒否} プロセスはオブジェクトのアクセスを要求しましたが、アクセス権が与えられていません。 (0xc0000022)
[0611/220155.278:ERROR:exception_snapshot_win.cc(98)] thread ID 6352 not found in process
[0611/220155.281:ERROR:process_reader_win.cc(151)] SuspendThread: アクセスが拒否されました。 (0x5)
[0611/220155.281:ERROR:process_reader_win.cc(151)] SuspendThread: アクセスが拒否されました。 (0x5)
[0611/220155.281:ERROR:process_reader_win.cc(123)] NtOpenThread: {アクセス拒否} プロセスはオブジェクトのアクセスを要求しましたが、アクセス権が与えられていません。 (0xc0000022)
[0611/220155.281:ERROR:exception_snapshot_win.cc(98)] thread ID 1180 not found in process
[0611/221619.042:ERROR:process_reader_win.cc(151)] SuspendThread: アクセスが拒否されました。 (0x5)
[0611/221619.042:ERROR:process_reader_win.cc(151)] SuspendThread: アクセスが拒否されました。 (0x5)
[0611/221619.042:ERROR:process_reader_win.cc(151)] SuspendThread: アクセスが拒否されました。 (0x5)
[0611/221619.042:ERROR:process_reader_win.cc(151)] SuspendThread: アクセスが拒否されました。 (0x5)
[0611/221619.042:ERROR:process_reader_win.cc(151)] SuspendThread: アクセスが拒否されました。 (0x5)
[0611/221619.042:ERROR:process_reader_win.cc(123)] NtOpenThread: {アクセス拒否} プロセスはオブジェクトのアクセスを要求しましたが、アクセス権が与えられていません。 (0xc0000022)
[0611/221619.042:ERROR:exception_snapshot_win.cc(98)] thread ID 11212 not found in process
[0611/221619.047:ERROR:process_reader_win.cc(123)] NtOpenThread: {アクセス拒否} プロセスはオブジェクトのアクセスを要求しましたが、アクセス権が与えられていません。 (0xc0000022)
[0611/221619.047:ERROR:exception_snapshot_win.cc(98)] thread ID 3268 not found in process
[0611/224046.267:ERROR:process_reader_win.cc(151)] SuspendThread: アクセスが拒否されました。 (0x5)
[0611/224046.267:ERROR:process_reader_win.cc(151)] SuspendThread: アクセスが拒否されました。 (0x5)
[0611/224046.267:ERROR:process_reader_win.cc(151)] SuspendThread: アクセスが拒否されました。 (0x5)
[0611/224046.267:ERROR:process_reader_win.cc(151)] SuspendThread: アクセスが拒否されました。 (0x5)
[0611/224046.267:ERROR:process_reader_win.cc(151)] SuspendThread: アクセスが拒否されました。 (0x5)
[0611/224046.267:ERROR:process_reader_win.cc(123)] NtOpenThread: {アクセス拒否} プロセスはオブジェクトのアクセスを要求しましたが、アクセス権が与えられていません。 (0xc0000022)
[0611/224046.267:ERROR:exception_snapshot_win.cc(98)] thread ID 10088 not found in process
[0611/224046.271:ERROR:process_reader_win.cc(151)] SuspendThread: アクセスが拒否されました。 (0x5)
[0611/224046.271:ERROR:process_reader_win.cc(151)] SuspendThread: アクセスが拒否されました。 (0x5)
[0611/224046.271:ERROR:process_reader_win.cc(123)] NtOpenThread: {アクセス拒否} プロセスはオブジェクトのアクセスを要求しましたが、アクセス権が与えられていません。 (0xc0000022)
[0611/224046.271:ERROR:exception_snapshot_win.cc(98)] thread ID 6400 not found in process
[0611/224940.767:ERROR:process_reader_win.cc(151)] SuspendThread: アクセスが拒否されました。 (0x5)
[0611/224940.768:ERROR:process_reader_win.cc(151)] SuspendThread: アクセスが拒否されました。 (0x5)
[0611/224940.768:ERROR:process_reader_win.cc(151)] SuspendThread: アクセスが拒否されました。 (0x5)
[0611/224940.768:ERROR:process_reader_win.cc(151)] SuspendThread: アクセスが拒否されました。 (0x5)
[0611/224940.768:ERROR:process_reader_win.cc(151)] SuspendThread: アクセスが拒否されました。 (0x5)
[0611/224940.768:ERROR:process_reader_win.cc(123)] NtOpenThread: {アクセス拒否} プロセスはオブジェクトのアクセスを要求しましたが、アクセス権が与えられていません。 (0xc0000022)
[0611/224940.768:ERROR:exception_snapshot_win.cc(98)] thread ID 9820 not found in process
[0611/224940.777:ERROR:process_reader_win.cc(123)] NtOpenThread: {アクセス拒否} プロセスはオブジェクトのアクセスを要求しましたが、アクセス権が与えられていません。 (0xc0000022)
[0611/224940.777:ERROR:exception_snapshot_win.cc(98)] thread ID 9032 not found in process
[0612/022815.586:ERROR:process_reader_win.cc(123)] NtOpenThread: {アクセス拒否} プロセスはオブジェクトのアクセスを要求しましたが、アクセス権が与えられていません。 (0xc0000022)
[0612/022815.584:ERROR:process_reader_win.cc(123)] NtOpenThread: {アクセス拒否} プロセスはオブジェクトのアクセスを要求しましたが、アクセス権が与えられていません。 (0xc0000022)
[0612/022815.587:ERROR:exception_snapshot_win.cc(98)] thread ID 9740 not found in process
[0612/022815.588:ERROR:exception_snapshot_win.cc(98)] thread ID 5052 not found in process
[0613/020559.561:ERROR:process_reader_win.cc(151)] SuspendThread: アクセスが拒否されました。 (0x5)
[0613/020559.561:ERROR:process_reader_win.cc(151)] SuspendThread: アクセスが拒否されました。 (0x5)
[0613/020559.561:ERROR:process_reader_win.cc(151)] SuspendThread: アクセスが拒否されました。 (0x5)
[0613/020559.561:ERROR:process_reader_win.cc(151)] SuspendThread: アクセスが拒否されました。 (0x5)
[0613/020559.561:ERROR:process_reader_win.cc(151)] SuspendThread: アクセスが拒否されました。 (0x5)
[0613/020559.561:ERROR:process_reader_win.cc(123)] NtOpenThread: {アクセス拒否} プロセスはオブジェクトのアクセスを要求しましたが、アクセス権が与えられていません。 (0xc0000022)
[0613/020559.561:ERROR:exception_snapshot_win.cc(98)] thread ID 10056 not found in process
[0613/020559.576:ERROR:process_reader_win.cc(123)] NtOpenThread: {アクセス拒否} プロセスはオブジェクトのアクセスを要求しましたが、アクセス権が与えられていません。 (0xc0000022)
[0613/020559.576:ERROR:exception_snapshot_win.cc(98)] thread ID 5560 not found in process
[0613/021442.553:ERROR:process_reader_win.cc(151)] SuspendThread: アクセスが拒否されました。 (0x5)
[0613/021442.553:ERROR:process_reader_win.cc(151)] SuspendThread: アクセスが拒否されました。 (0x5)
[0613/021442.553:ERROR:process_reader_win.cc(151)] SuspendThread: アクセスが拒否されました。 (0x5)
[0613/021442.553:ERROR:process_reader_win.cc(151)] SuspendThread: アクセスが拒否されました。 (0x5)
[0613/021442.553:ERROR:process_reader_win.cc(151)] SuspendThread: アクセスが拒否されました。 (0x5)
[0613/021442.553:ERROR:process_reader_win.cc(123)] NtOpenThread: {アクセス拒否} プロセスはオブジェクトのアクセスを要求しましたが、アクセス権が与えられていません。 (0xc0000022)
[0613/021442.553:ERROR:exception_snapshot_win.cc(98)] thread ID 4876 not found in process
[0613/021442.552:ERROR:process_reader_win.cc(151)] SuspendThread: アクセスが拒否されました。 (0x5)
[0613/021442.553:ERROR:process_reader_win.cc(151)] SuspendThread: アクセスが拒否されました。 (0x5)
[0613/021442.553:ERROR:process_reader_win.cc(123)] NtOpenThread: {アクセス拒否} プロセスはオブジェクトのアクセスを要求しましたが、アクセス権が与えられていません。 (0xc0000022)
[0613/021442.553:ERROR:exception_snapshot_win.cc(98)] thread ID 10552 not found in process
[0614/100940.398:ERROR:process_reader_win.cc(123)] NtOpenThread: {アクセス拒否} プロセスはオブジェクトのアクセスを要求しましたが、アクセス権が与えられていません。 (0xc0000022)
[0614/100940.399:ERROR:exception_snapshot_win.cc(98)] thread ID 2336 not found in process
[0614/100940.407:ERROR:process_reader_win.cc(123)] NtOpenThread: {アクセス拒否} プロセスはオブジェクトのアクセスを要求しましたが、アクセス権が与えられていません。 (0xc0000022)
[0614/100940.407:ERROR:exception_snapshot_win.cc(98)] thread ID 8500 not found in process
[0614/101654.999:ERROR:process_reader_win.cc(151)] SuspendThread: アクセスが拒否されました。 (0x5)
[0614/101655.000:ERROR:process_reader_win.cc(151)] SuspendThread: アクセスが拒否されました。 (0x5)
[0614/101655.000:ERROR:process_reader_win.cc(151)] SuspendThread: アクセスが拒否されました。 (0x5)
[0614/101655.000:ERROR:process_reader_win.cc(123)] NtOpenThread: {アクセス拒否} プロセスはオブジェクトのアクセスを要求しましたが、アクセス権が与えられていません。 (0xc0000022)
[0614/101655.000:ERROR:exception_snapshot_win.cc(98)] thread ID 5540 not found in process
[0614/101655.003:ERROR:process_reader_win.cc(123)] NtOpenThread: {アクセス拒否} プロセスはオブジェクトのアクセスを要求しましたが、アクセス権が与えられていません。 (0xc0000022)
[0614/101655.003:ERROR:exception_snapshot_win.cc(98)] thread ID 3456 not found in process
[0614/101937.558:ERROR:process_reader_win.cc(151)] SuspendThread: アクセスが拒否されました。 (0x5)
[0614/101937.558:ERROR:process_reader_win.cc(151)] SuspendThread: アクセスが拒否されました。 (0x5)
[0614/101937.558:ERROR:process_reader_win.cc(151)] SuspendThread: アクセスが拒否されました。 (0x5)
[0614/101937.558:ERROR:process_reader_win.cc(151)] SuspendThread: アクセスが拒否されました。 (0x5)
[0614/101937.558:ERROR:process_reader_win.cc(151)] SuspendThread: アクセスが拒否されました。 (0x5)
[0614/101937.558:ERROR:process_reader_win.cc(123)] NtOpenThread: {アクセス拒否} プロセスはオブジェクトのアクセスを要求しましたが、アクセス権が与えられていません。 (0xc0000022)
[0614/101937.558:ERROR:exception_snapshot_win.cc(98)] thread ID 7312 not found in process
[0614/101937.558:ERROR:process_reader_win.cc(151)] SuspendThread: アクセスが拒否されました。 (0x5)
[0614/101937.558:ERROR:process_reader_win.cc(123)] NtOpenThread: {アクセス拒否} プロセスはオブジェクトのアクセスを要求しましたが、アクセス権が与えられていません。 (0xc0000022)
[0614/101937.558:ERROR:exception_snapshot_win.cc(98)] thread ID 5332 not found in process
[0614/103718.020:ERROR:process_reader_win.cc(151)] SuspendThread: アクセスが拒否されました。 (0x5)
[0614/103718.020:ERROR:process_reader_win.cc(151)] SuspendThread: アクセスが拒否されました。 (0x5)
[0614/103718.020:ERROR:process_reader_win.cc(151)] SuspendThread: アクセスが拒否されました。 (0x5)
[0614/103718.020:ERROR:process_reader_win.cc(123)] NtOpenThread: {アクセス拒否} プロセスはオブジェクトのアクセスを要求しましたが、アクセス権が与えられていません。 (0xc0000022)
[0614/103718.020:ERROR:exception_snapshot_win.cc(98)] thread ID 5484 not found in process
[0614/103718.020:ERROR:process_reader_win.cc(123)] NtOpenThread: {アクセス拒否} プロセスはオブジェクトのアクセスを要求しましたが、アクセス権が与えられていません。 (0xc0000022)
[0614/103718.020:ERROR:exception_snapshot_win.cc(98)] thread ID 4144 not found in process
[0614/115044.572:ERROR:process_reader_win.cc(151)] SuspendThread: アクセスが拒否されました。 (0x5)
[0614/115044.577:ERROR:process_reader_win.cc(123)] NtOpenThread: {アクセス拒否} プロセスはオブジェクトのアクセスを要求しましたが、アクセス権が与えられていません。 (0xc0000022)
[0614/115044.577:ERROR:exception_snapshot_win.cc(98)] thread ID 2732 not found in process
[0614/115044.582:ERROR:process_reader_win.cc(151)] SuspendThread: アクセスが拒否されました。 (0x5)
[0614/115044.582:ERROR:process_reader_win.cc(151)] SuspendThread: アクセスが拒否されました。 (0x5)
[0614/115044.582:ERROR:process_reader_win.cc(151)] SuspendThread: アクセスが拒否されました。 (0x5)
[0614/115044.582:ERROR:process_reader_win.cc(151)] SuspendThread: アクセスが拒否されました。 (0x5)
[0614/115044.582:ERROR:process_reader_win.cc(123)] NtOpenThread: {アクセス拒否} プロセスはオブジェクトのアクセスを要求しましたが、アクセス権が与えられていません。 (0xc0000022)
[0614/115044.582:ERROR:exception_snapshot_win.cc(98)] thread ID 6844 not found in process
[0614/125512.945:ERROR:process_reader_win.cc(151)] SuspendThread: アクセスが拒否されました。 (0x5)
[0614/125512.946:ERROR:process_reader_win.cc(151)] SuspendThread: アクセスが拒否されました。 (0x5)
[0614/125512.946:ERROR:process_reader_win.cc(151)] SuspendThread: アクセスが拒否されました。 (0x5)
[0614/125512.946:ERROR:process_reader_win.cc(151)] SuspendThread: アクセスが拒否されました。 (0x5)
[0614/125512.946:ERROR:process_reader_win.cc(151)] SuspendThread: アクセスが拒否されました。 (0x5)
[0614/125512.946:ERROR:process_reader_win.cc(123)] NtOpenThread: {アクセス拒否} プロセスはオブジェクトのアクセスを要求しましたが、アクセス権が与えられていません。 (0xc0000022)
[0614/125512.946:ERROR:exception_snapshot_win.cc(98)] thread ID 4684 not found in process
[0614/125512.963:ERROR:process_reader_win.cc(108)] process 2792 not found
[0614/125512.963:ERROR:exception_snapshot_win.cc(98)] thread ID 2556 not found in process
[0614/125512.963:ERROR:scoped_process_suspend.cc(40)] NtResumeProcess: 既存のプロセスにアクセスしようとしました。 (0xc000010a)
[0614/125720.378:ERROR:process_reader_win.cc(151)] SuspendThread: アクセスが拒否されました。 (0x5)
[0614/125720.379:ERROR:process_reader_win.cc(151)] SuspendThread: アクセスが拒否されました。 (0x5)
[0614/125720.379:ERROR:process_reader_win.cc(123)] NtOpenThread: {アクセス拒否} プロセスはオブジェクトのアクセスを要求しましたが、アクセス権が与えられていません。 (0xc0000022)
[0614/125720.379:ERROR:exception_snapshot_win.cc(98)] thread ID 8008 not found in process
[0614/125720.380:ERROR:process_reader_win.cc(151)] SuspendThread: アクセスが拒否されました。 (0x5)
[0614/125720.380:ERROR:process_reader_win.cc(151)] SuspendThread: アクセスが拒否されました。 (0x5)
[0614/125720.380:ERROR:process_reader_win.cc(123)] NtOpenThread: {アクセス拒否} プロセスはオブジェクトのアクセスを要求しましたが、アクセス権が与えられていません。 (0xc0000022)
[0614/125720.380:ERROR:exception_snapshot_win.cc(98)] thread ID 9740 not found in process
[0614/130851.984:ERROR:process_reader_win.cc(151)] SuspendThread: アクセスが拒否されました。 (0x5)
[0614/130851.985:ERROR:process_reader_win.cc(123)] NtOpenThread: {アクセス拒否} プロセスはオブジェクトのアクセスを要求しましたが、アクセス権が与えられていません。 (0xc0000022)
[0614/130851.985:ERROR:exception_snapshot_win.cc(98)] thread ID 5076 not found in process
[0614/130851.990:ERROR:process_reader_win.cc(151)] SuspendThread: アクセスが拒否されました。 (0x5)
[0614/130851.990:ERROR:process_reader_win.cc(123)] NtOpenThread: {アクセス拒否} プロセスはオブジェクトのアクセスを要求しましたが、アクセス権が与えられていません。 (0xc0000022)
[0614/130851.990:ERROR:exception_snapshot_win.cc(98)] thread ID 9920 not found in process
[0614/131455.721:ERROR:process_reader_win.cc(151)] SuspendThread: アクセスが拒否されました。 (0x5)
[0614/131455.721:ERROR:process_reader_win.cc(151)] SuspendThread: アクセスが拒否されました。 (0x5)
[0614/131455.722:ERROR:process_reader_win.cc(123)] NtOpenThread: {アクセス拒否} プロセスはオブジェクトのアクセスを要求しましたが、アクセス権が与えられていません。 (0xc0000022)
[0614/131455.722:ERROR:exception_snapshot_win.cc(98)] thread ID 8272 not found in process
[0614/131455.725:ERROR:process_reader_win.cc(123)] NtOpenThread: {アクセス拒否} プロセスはオブジェクトのアクセスを要求しましたが、アクセス権が与えられていません。 (0xc0000022)
[0614/131455.725:ERROR:exception_snapshot_win.cc(98)] thread ID 6700 not found in process
